<?xml version="1.0" encoding="UTF-8"?>
<!-- Generated by org.testng.reporters.JUnitReportReporter -->
<testsuite skipped="0" hostname="LAPTOP-97DS8SN9" name="com.blazerunner.BlazeDemoRunner" tests="1" failures="0" timestamp="2022-12-15T15:38:10 IST" time="3.608" errors="0">
  <testcase name="TestValidation" time="3.608" classname="com.blazerunner.BlazeDemoRunner"/>
  <system-out/>
</testsuite> <!-- com.blazerunner.BlazeDemoRunner -->
